running egg_info
creating build/mypkg/mypkg.egg-info
writing build/mypkg/mypkg.egg-info/PKG-INFO
writing dependency_links to build/mypkg/mypkg.egg-info/dependency_links.txt
writing entry points to build/mypkg/mypkg.egg-info/entry_points.txt
writing requirements to build/mypkg/mypkg.egg-info/requires.txt
writing top-level names to build/mypkg/mypkg.egg-info/top_level.txt
writing manifest file 'build/mypkg/mypkg.egg-info/SOURCES.txt'
reading manifest file 'build/mypkg/mypkg.egg-info/SOURCES.txt'
writing manifest file 'build/mypkg/mypkg.egg-info/SOURCES.txt'
running build
running build_py
creating /home/natsu/ros2_ws/src/mypkg/build/mypkg/build
creating /home/natsu/ros2_ws/src/mypkg/build/mypkg/build/lib
creating /home/natsu/ros2_ws/src/mypkg/build/mypkg/build/lib/mypkg
copying mypkg/listener.py -> /home/natsu/ros2_ws/src/mypkg/build/mypkg/build/lib/mypkg
copying mypkg/__init__.py -> /home/natsu/ros2_ws/src/mypkg/build/mypkg/build/lib/mypkg
copying mypkg/talker.py -> /home/natsu/ros2_ws/src/mypkg/build/mypkg/build/lib/mypkg
running install
running install_lib
error: can't copy 'resource/mypkg': doesn't exist or not a regular file
running install_data
