[0.369s] Invoking command in '/home/natsu/ros2_ws/src/mypkg': PYTHONPATH=/home/natsu/ros2_ws/src/mypkg/build/mypkg/prefix_override:/usr/lib/python3/dist-packages/colcon_core/task/python/colcon_distutils_commands:/home/natsu/ros2_ws/src/mypkg/install/mypkg/lib/python3.8/site-packages:${PYTHONPATH} /usr/bin/python3 -W ignore:setup.py install is deprecated setup.py egg_info --egg-base build/mypkg build --build-base /home/natsu/ros2_ws/src/mypkg/build/mypkg/build install --record /home/natsu/ros2_ws/src/mypkg/build/mypkg/install.log --install-scripts $base/lib/mypkg --single-version-externally-managed install_data
[0.483s] running egg_info
[0.483s] creating build/mypkg/mypkg.egg-info
[0.483s] writing build/mypkg/mypkg.egg-info/PKG-INFO
[0.484s] writing dependency_links to build/mypkg/mypkg.egg-info/dependency_links.txt
[0.484s] writing entry points to build/mypkg/mypkg.egg-info/entry_points.txt
[0.484s] writing requirements to build/mypkg/mypkg.egg-info/requires.txt
[0.484s] writing top-level names to build/mypkg/mypkg.egg-info/top_level.txt
[0.485s] writing manifest file 'build/mypkg/mypkg.egg-info/SOURCES.txt'
[0.504s] reading manifest file 'build/mypkg/mypkg.egg-info/SOURCES.txt'
[0.504s] writing manifest file 'build/mypkg/mypkg.egg-info/SOURCES.txt'
[0.504s] running build
[0.505s] running build_py
[0.505s] creating /home/natsu/ros2_ws/src/mypkg/build/mypkg/build
[0.505s] creating /home/natsu/ros2_ws/src/mypkg/build/mypkg/build/lib
[0.505s] creating /home/natsu/ros2_ws/src/mypkg/build/mypkg/build/lib/mypkg
[0.506s] copying mypkg/listener.py -> /home/natsu/ros2_ws/src/mypkg/build/mypkg/build/lib/mypkg
[0.506s] copying mypkg/__init__.py -> /home/natsu/ros2_ws/src/mypkg/build/mypkg/build/lib/mypkg
[0.506s] copying mypkg/talker.py -> /home/natsu/ros2_ws/src/mypkg/build/mypkg/build/lib/mypkg
[0.506s] running install
[0.507s] running install_lib
[0.508s] error: can't copy 'resource/mypkg': doesn't exist or not a regular file
[0.508s] running install_data
[0.521s] Invoked command in '/home/natsu/ros2_ws/src/mypkg' returned '1': PYTHONPATH=/home/natsu/ros2_ws/src/mypkg/build/mypkg/prefix_override:/usr/lib/python3/dist-packages/colcon_core/task/python/colcon_distutils_commands:/home/natsu/ros2_ws/src/mypkg/install/mypkg/lib/python3.8/site-packages:${PYTHONPATH} /usr/bin/python3 -W ignore:setup.py install is deprecated setup.py egg_info --egg-base build/mypkg build --build-base /home/natsu/ros2_ws/src/mypkg/build/mypkg/build install --record /home/natsu/ros2_ws/src/mypkg/build/mypkg/install.log --install-scripts $base/lib/mypkg --single-version-externally-managed install_data
