[0.472s] Invoking command in '/home/natsu/robosys2024-ros2': PYTHONPATH=/home/natsu/robosys2024-ros2/build/mypkg/prefix_override:/usr/lib/python3/dist-packages/colcon_core/task/python/colcon_distutils_commands:/home/natsu/robosys2024-ros2/install/mypkg/lib/python3.8/site-packages:${PYTHONPATH} /usr/bin/python3 -W ignore:setup.py install is deprecated setup.py egg_info --egg-base build/mypkg build --build-base /home/natsu/robosys2024-ros2/build/mypkg/build install --record /home/natsu/robosys2024-ros2/build/mypkg/install.log --install-scripts $base/lib/mypkg --single-version-externally-managed install_data
[0.595s] running egg_info
[0.595s] writing build/mypkg/mypkg.egg-info/PKG-INFO
[0.595s] writing dependency_links to build/mypkg/mypkg.egg-info/dependency_links.txt
[0.595s] writing entry points to build/mypkg/mypkg.egg-info/entry_points.txt
[0.595s] writing requirements to build/mypkg/mypkg.egg-info/requires.txt
[0.595s] writing top-level names to build/mypkg/mypkg.egg-info/top_level.txt
[0.621s] reading manifest file 'build/mypkg/mypkg.egg-info/SOURCES.txt'
[0.623s] writing manifest file 'build/mypkg/mypkg.egg-info/SOURCES.txt'
[0.623s] running build
[0.623s] running build_py
[0.623s] running install
[0.623s] running install_lib
[0.625s] running install_data
[0.625s] running install_egg_info
[0.626s] removing '/home/natsu/robosys2024-ros2/install/mypkg/lib/python3.8/site-packages/mypkg-0.0.0-py3.8.egg-info' (and everything under it)
[0.627s] Copying build/mypkg/mypkg.egg-info to /home/natsu/robosys2024-ros2/install/mypkg/lib/python3.8/site-packages/mypkg-0.0.0-py3.8.egg-info
[0.628s] running install_scripts
[0.639s] Installing cpu_monitor script to /home/natsu/robosys2024-ros2/install/mypkg/lib/mypkg
[0.640s] writing list of installed files to '/home/natsu/robosys2024-ros2/build/mypkg/install.log'
[0.653s] Invoked command in '/home/natsu/robosys2024-ros2' returned '0': PYTHONPATH=/home/natsu/robosys2024-ros2/build/mypkg/prefix_override:/usr/lib/python3/dist-packages/colcon_core/task/python/colcon_distutils_commands:/home/natsu/robosys2024-ros2/install/mypkg/lib/python3.8/site-packages:${PYTHONPATH} /usr/bin/python3 -W ignore:setup.py install is deprecated setup.py egg_info --egg-base build/mypkg build --build-base /home/natsu/robosys2024-ros2/build/mypkg/build install --record /home/natsu/robosys2024-ros2/build/mypkg/install.log --install-scripts $base/lib/mypkg --single-version-externally-managed install_data
